<?xml version="1.0" encoding="UTF-8"?>
<testsuite xmlns:xsi="http://www.w3.org/2001/XMLSchema-instance" xsi:noNamespaceSchemaLocation="https://maven.apache.org/surefire/maven-surefire-plugin/xsd/surefire-test-report.xsd" name="com.baeldung.systemstubs.SystemOutAndErrExecuteAroundUnitTest" time="0.042" tests="3" errors="0" skipped="0" failures="0">
  <properties>
[...]
</properties>
  <testcase name="givenTapOutput_thenGetOutput" classname="com.baeldung.systemstubs.SystemOutAndErrExecuteAroundUnitTest" time="0.002"/>
  <testcase name="givenCannotWrite_thenWritingIsError" classname="com.baeldung.systemstubs.SystemOutAndErrExecuteAroundUnitTest" time="0"/>
  <testcase name="givenCaptureOutputWithSystemOut_thenGetOutput" classname="com.baeldung.systemstubs.SystemOutAndErrExecuteAroundUnitTest" time="0"/>
</testsuite>